Build started 4/19/2018 3:26:36 PM.
     1>Project "E:\STUDY\Recursion\Recursion\Recursion.vcxproj" on node 2 (Build target(s)).
     1>ClCompile:
         C:\Program Files (x86)\Microsoft Visual Studio 12.0\VC\bin\CL.exe /c /ZI /nologo /W3 /WX- /sdl /Od /Oy- /D WIN32 /D _DEBUG /D _CONSOLE /D _LIB /D _UNICODE /D UNICODE /Gm /EHsc /RTC1 /MDd /GS /fp:precise /Zc:wchar_t /Zc:forScope /Yu"stdafx.h" /Fp"Debug\Recursion.pch" /Fo"Debug\\" /Fd"Debug\vc120.pdb" /Gd /TP /analyze- /errorReport:prompt Program.cpp
         Program.cpp
     1>e:\study\recursion\recursion\program.cpp(6): warning C4067: unexpected tokens following preprocessor directive - expected a newline
     1>e:\study\recursion\recursion\basic_recursion.h(5): warning C4067: unexpected tokens following preprocessor directive - expected a newline
     1>e:\study\recursion\recursion\basic_recursion.h(66): warning C4244: 'return' : conversion from 'double' to 'float', possible loss of data
     1>e:\study\recursion\recursion\basic_recursion.h(99): warning C4244: 'return' : conversion from 'float' to 'int', possible loss of data
     1>e:\study\recursion\recursion\basic_recursion.h(111): warning C4244: 'return' : conversion from 'double' to 'float', possible loss of data
     1>e:\study\recursion\recursion\basic_recursion.h(123): warning C4244: 'return' : conversion from 'int' to 'float', possible loss of data
     1>e:\study\recursion\recursion\basic_recursion.h(145): warning C4244: 'return' : conversion from 'double' to 'float', possible loss of data
     1>e:\study\recursion\recursion\basic_recursion.h(175): warning C4244: 'return' : conversion from 'double' to 'float', possible loss of data
     1>e:\study\recursion\recursion\basic_recursion.h(187): warning C4244: 'return' : conversion from 'double' to 'float', possible loss of data
     1>e:\study\recursion\recursion\high_level_recursion.h(4): warning C4067: unexpected tokens following preprocessor directive - expected a newline
     1>e:\study\recursion\recursion\basic_recursion.h(68): warning C4715: 'nBacx' : not all control paths return a value
     1>e:\study\recursion\recursion\basic_recursion.h(112): warning C4715: 'sumn' : not all control paths return a value
     1>e:\study\recursion\recursion\basic_recursion.h(138): warning C4715: 'divisor' : not all control paths return a value
     1>e:\study\recursion\recursion\basic_recursion.h(222): warning C4715: 'sumOddNumber' : not all control paths return a value
     1>e:\study\recursion\recursion\high_level_recursion.h(53): warning C4715: 'maxArray' : not all control paths return a value
     1>e:\study\recursion\recursion\high_level_recursion.h(70): warning C4715: 'minArray' : not all control paths return a value
       Link:
         C:\Program Files (x86)\Microsoft Visual Studio 12.0\VC\bin\link.exe /ERRORREPORT:PROMPT /OUT:"E:\STUDY\Recursion\Debug\Recursion.exe" /INCREMENTAL /NOLOGO kernel32.lib user32.lib gdi32.lib winspool.lib comdlg32.lib advapi32.lib shell32.lib ole32.lib oleaut32.lib uuid.lib odbc32.lib odbccp32.lib /MANIFEST /MANIFESTUAC:"level='asInvoker' uiAccess='false'" /manifest:embed /DEBUG /PDB:"E:\STUDY\Recursion\Debug\Recursion.pdb" /SUBSYSTEM:CONSOLE /TLBID:1 /DYNAMICBASE /NXCOMPAT /IMPLIB:"E:\STUDY\Recursion\Debug\Recursion.lib" /MACHINE:X86 Debug\Program.obj
         Debug\stdafx.obj
         Recursion.vcxproj -> E:\STUDY\Recursion\Debug\Recursion.exe
     1>Done Building Project "E:\STUDY\Recursion\Recursion\Recursion.vcxproj" (Build target(s)).

Build succeeded.

Time Elapsed 00:00:01.28
